<?xml version="1.0" encoding="UTF-8"?>
<testsuite name="DifferTest" tests="5" skipped="0" failures="0" errors="0" timestamp="2023-08-23T12:11:51" hostname="pavel-pc" time="1.871">
  <properties/>
  <testcase name="generateDiffTest1()" classname="DifferTest" time="1.21"/>
  <testcase name="generateDiffTest2()" classname="DifferTest" time="0.043"/>
  <testcase name="generateDiffTest3()" classname="DifferTest" time="0.328"/>
  <testcase name="generateDiffTest4()" classname="DifferTest" time="0.183"/>
  <testcase name="generateDiffWithTwoArguments()" classname="DifferTest" time="0.052"/>
  <system-out><![CDATA[]]></system-out>
  <system-err><![CDATA[]]></system-err>
</testsuite>
