<?xml version="1.0" encoding="UTF-8"?>
<testsuite name="DifferTest" tests="5" skipped="0" failures="0" errors="0" timestamp="2023-08-17T21:56:05" hostname="pavel-pc" time="2.77">
  <properties/>
  <testcase name="generateDiffTest1()" classname="DifferTest" time="2.213"/>
  <testcase name="generateDiffTest2()" classname="DifferTest" time="0.034"/>
  <testcase name="generateDiffTest3()" classname="DifferTest" time="0.155"/>
  <testcase name="generateDiffTest4()" classname="DifferTest" time="0.21"/>
  <testcase name="generateDiffWithTwoArguments()" classname="DifferTest" time="0.042"/>
  <system-out><![CDATA[]]></system-out>
  <system-err><![CDATA[]]></system-err>
</testsuite>
